Added Component: Designator=C?(C0402)
Add component. Clean all parameters for all variants
Add component (AddParameter): Name = "human_value"; Value = "100n"; VariantName = "[No Variations]"
Add component (AddParameter): Name = "package"; Value = "0402"; VariantName = "[No Variations]"
Add component (AddParameter): Name = "price"; Value = "0.06"; VariantName = "[No Variations]"
Add component (AddParameter): Name = "Supplier Part Number 1"; Value = "399-3520-1-ND"; VariantName = "[No Variations]"
Add component (AddParameter): Name = "tolerance"; Value = "10%"; VariantName = "[No Variations]"
Add component (AddParameter): Name = "type"; Value = "capacitor"; VariantName = "[No Variations]"
Add component (AddParameter): Name = "value"; Value = "1e-07"; VariantName = "[No Variations]"
Add component (AddParameter): Name = "voltage"; Value = "10.0"; VariantName = "[No Variations]"
Added Component: Designator=J?(CONN_1X6_RA_SMT)
Add component. Clean all parameters for all variants
Add component (AddParameter): Name = "Category"; Value = "Connectors, Interconnects"; VariantName = "[No Variations]"
Add component (AddParameter): Name = "Color"; Value = "Black"; VariantName = "[No Variations]"
Add component (AddParameter): Name = "ComponentLink1Description"; Value = "http://multimedia.3m.com/mws/media/548463O/3mtm-pin-strip-header-ts2184.pdf"; VariantName = "[No Variations]"
Add component (AddParameter): Name = "ComponentLink1URL"; Value = "http://multimedia.3m.com/mws/media/548463O/3mtm-pin-strip-header-ts2184.pdf"; VariantName = "[No Variations]"
Add component (AddParameter): Name = "Connector Type"; Value = "Header, Unshrouded"; VariantName = "[No Variations]"
Add component (AddParameter): Name = "Contact Finish"; Value = "Gold"; VariantName = "[No Variations]"
Add component (AddParameter): Name = "Contact Finish Thickness"; Value = "Flash"; VariantName = "[No Variations]"
Add component (AddParameter): Name = "Contact Mating Length"; Value = "0.230" (5.84mm)"; VariantName = "[No Variations]"
Add component (AddParameter): Name = "Contact Type"; Value = "Male Pin"; VariantName = "[No Variations]"
Add component (AddParameter): Name = "Fastening Type"; Value = "-"; VariantName = "[No Variations]"
Add component (AddParameter): Name = "Features"; Value = "-"; VariantName = "[No Variations]"
Add component (AddParameter): Name = "Manufacturer"; Value = "3M"; VariantName = "[No Variations]"
Add component (AddParameter): Name = "Manufacturer Part Number"; Value = "961106-5500-AR-PR"; VariantName = "[No Variations]"
Add component (AddParameter): Name = "Mounting Type"; Value = "Surface Mount, Right Angle"; VariantName = "[No Variations]"
Add component (AddParameter): Name = "Number of Positions"; Value = "6"; VariantName = "[No Variations]"
Add component (AddParameter): Name = "Number of Positions Loaded"; Value = "All"; VariantName = "[No Variations]"
Add component (AddParameter): Name = "Number of Rows"; Value = "1"; VariantName = "[No Variations]"
Add component (AddParameter): Name = "Packaging"; Value = "Cut Tape (CT)"; VariantName = "[No Variations]"
Add component (AddParameter): Name = "Part Status"; Value = "Active"; VariantName = "[No Variations]"
Add component (AddParameter): Name = "Pitch"; Value = "0.100" (2.54mm)"; VariantName = "[No Variations]"
Add component (AddParameter): Name = "Pricing 1"; Value = "1=1.96, 10=1.779, 25=1.67, 50=1.5972, 100=1.5246, 250=1.3794 (USD)"; VariantName = "[No Variations]"
Add component (AddParameter): Name = "RoHS"; Value = "RoHS Compliant"; VariantName = "[No Variations]"
Add component (AddParameter): Name = "Row Spacing"; Value = "-"; VariantName = "[No Variations]"
Add component (AddParameter): Name = "Stock 1"; Value = "4085"; VariantName = "[No Variations]"
Add component (AddParameter): Name = "Supplier 1"; Value = "Digi-Key"; VariantName = "[No Variations]"
Add component (AddParameter): Name = "Supplier Part Number 1"; Value = "3M9501CT-ND"; VariantName = "[No Variations]"
Add component (AddParameter): Name = "Termination"; Value = "Solder"; VariantName = "[No Variations]"
Added Component: Designator=R?(R0805)
Add component. Clean all parameters for all variants
Add component (AddParameter): Name = "Datasheets"; Value = "http://www.yageo.com/documents/recent/PYu-RC_Group_51_RoHS_L_9.pdf"; VariantName = "[No Variations]"
Add component (AddParameter): Name = "Image"; Value = "//media.digikey.com/Renders/Yageo%20Renders/0805-(2012-Metric).jpg"; VariantName = "[No Variations]"
Add component (AddParameter): Name = "Manufacturer"; Value = "Yageo"; VariantName = "[No Variations]"
Add component (AddParameter): Name = "Manufacturer Part Number"; Value = "RC0805FR-074K7L"; VariantName = "[No Variations]"
Add component (AddParameter): Name = "Operating Temperature"; Value = "-55°C ~ 155°C"; VariantName = "[No Variations]"
Add component (AddParameter): Name = "Power (Watts)"; Value = "0.125W, 1/8W"; VariantName = "[No Variations]"
Add component (AddParameter): Name = "Resistance"; Value = "4.7 k?"; VariantName = "[No Variations]"
Add component (AddParameter): Name = "Resistance (Sortable)"; Value = "4700"; VariantName = "[No Variations]"
Add component (AddParameter): Name = "Supplier 1"; Value = "Digikey"; VariantName = "[No Variations]"
Add component (AddParameter): Name = "Supplier Part Number 1"; Value = "311-4.70KCRCT-ND"; VariantName = "[No Variations]"
Add component (AddParameter): Name = "Temperature Coefficient"; Value = "±100ppm/°C"; VariantName = "[No Variations]"
Add component (AddParameter): Name = "Tolerance"; Value = "±1%"; VariantName = "[No Variations]"
Added Component: Designator=U?(M24LR04E-R SO8N)
Add component. Clean all parameters for all variants
Add component (AddParameter): Name = "Category"; Value = "RF/IF and RFID"; VariantName = "[No Variations]"
Add component (AddParameter): Name = "ComponentLink1Description"; Value = "http://www.st.com/content/ccc/resource/technical/document/datasheet/4e/fd/ac/70/b2/bc/43/fa/DM00038059.pdf/files/DM00038059.pdf/jcr:content/translations/en.DM00038059.pdf"; VariantName = "[No Variations]"
Add component (AddParameter): Name = "ComponentLink1URL"; Value = "http://www.st.com/content/ccc/resource/technical/document/datasheet/4e/fd/ac/70/b2/bc/43/fa/DM00038059.pdf/files/DM00038059.pdf/jcr:content/translations/en.DM00038059.pdf"; VariantName = "[No Variations]"
Add component (AddParameter): Name = "Frequency"; Value = "13.56MHz"; VariantName = "[No Variations]"
Add component (AddParameter): Name = "Interface"; Value = "I²C"; VariantName = "[No Variations]"
Add component (AddParameter): Name = "Manufacturer"; Value = "STMicroelectronics"; VariantName = "[No Variations]"
Add component (AddParameter): Name = "Manufacturer Part Number"; Value = "M24LR04E-RMN6T/2"; VariantName = "[No Variations]"
Add component (AddParameter): Name = "Operating Temperature"; Value = "-40°C ~ 85°C"; VariantName = "[No Variations]"
Add component (AddParameter): Name = "Package / Case"; Value = "8-SOIC (0.154", 3.90mm Width)"; VariantName = "[No Variations]"
Add component (AddParameter): Name = "Packaging"; Value = "Cut Tape (CT)"; VariantName = "[No Variations]"
Add component (AddParameter): Name = "Part Status"; Value = "Active"; VariantName = "[No Variations]"
Add component (AddParameter): Name = "Pricing 1"; Value = "1=0.72, 10=0.661, 100=0.5798, 500=0.5664, 1000=0.54597 (USD)"; VariantName = "[No Variations]"
Add component (AddParameter): Name = "RoHS"; Value = "RoHS Compliant"; VariantName = "[No Variations]"
Add component (AddParameter): Name = "Standards"; Value = "ISO 15693, ISO 18000-3, NFC"; VariantName = "[No Variations]"
Add component (AddParameter): Name = "Stock 1"; Value = "2742"; VariantName = "[No Variations]"
Add component (AddParameter): Name = "Supplier 1"; Value = "Digi-Key"; VariantName = "[No Variations]"
Add component (AddParameter): Name = "Supplier Device Package"; Value = "8-SO"; VariantName = "[No Variations]"
Add component (AddParameter): Name = "Supplier Part Number 1"; Value = "497-12878-1-ND"; VariantName = "[No Variations]"
Add component (AddParameter): Name = "Type"; Value = "RFID Transponder"; VariantName = "[No Variations]"
Add component (AddParameter): Name = "Voltage - Supply"; Value = "1.8 V ~ 5.5 V"; VariantName = "[No Variations]"
Added Pin To Net: NetName=+2.8V Pin=C?-2
Added Pin To Net: NetName=+2.8V Pin=J?-1
Added Pin To Net: NetName=+2.8V Pin=R?-2
Added Pin To Net: NetName=+2.8V Pin=U?-8
Added Net: Name=+2.8V
Added Pin To Net: NetName=+H_OUT Pin=J?-6
Added Net: Name=+H_OUT
Added Pin To Net: NetName=+HOUT Pin=U?-1
Added Net: Name=+HOUT
Added Pin To Net: NetName=Coil Pin=U?-2
Added Pin To Net: NetName=Coil Pin=U?-3
Added Net: Name=Coil
Added Pin To Net: NetName=GND Pin=C?-1
Added Pin To Net: NetName=GND Pin=J?-2
Added Pin To Net: NetName=GND Pin=U?-4
Added Net: Name=GND
Added Pin To Net: NetName=RF_BUSY Pin=J?-3
Added Pin To Net: NetName=RF_BUSY Pin=R?-1
Added Pin To Net: NetName=RF_BUSY Pin=U?-7
Added Net: Name=RF_BUSY
Added Pin To Net: NetName=SCL Pin=J?-4
Added Pin To Net: NetName=SCL Pin=U?-6
Added Net: Name=SCL
Added Pin To Net: NetName=SDA Pin=J?-5
Added Pin To Net: NetName=SDA Pin=U?-5
Added Net: Name=SDA
Added Class: Name=RFID
