Removed Pin From Net: NetName=RF_BUSY Pin=U?-2
Removed Pin From Net: NetName=GPIO0 Pin=U?-3
Removed Pin From Net: NetName=GPIO1 Pin=U?-4
Removed Pin From Net: NetName=PWR_SENSE Pin=U?-5
Added Pin To Net: NetName=GPIO0 Pin=U?-2
Added Pin To Net: NetName=GPIO1 Pin=U?-3
Added Pin To Net: NetName=PWR_SENSE Pin=U?-4
Added Pin To Net: NetName=RF_BUSY Pin=U?-5
Added Member To Class: ClassName=MagController Member=Component C? 399-3520-1-ND
Added Member To Class: ClassName=MagController Member=Component C? __template_cap
Added Member To Class: ClassName=Power Supply Member=Component C? CAP_100UF_1206_SMD
Added Member To Class: ClassName=Power Supply Member=Component C? CAP_100UF_1206_SMD
Added Member To Class: ClassName=Power Supply Member=Component C? CAP_100UF_1206_SMD
Added Member To Class: ClassName=Power Supply Member=Component C? CAP_100UF_1206_SMD
Added Member To Class: ClassName=Time of Flight Member=Component C? __template_cap
Added Member To Class: ClassName=MagController Member=Component J? CONN HEADER 6POS RA SMT
Added Member To Class: ClassName=MagController Member=Component J? CONN_2x3_15-91-2060
Added Member To Class: ClassName=MagController Member=Component R? __template_resistor
Added Member To Class: ClassName=MagController Member=Component R? __template_resistor
Added Member To Class: ClassName=MagController Member=Component R? __template_resistor
Added Member To Class: ClassName=MagController Member=Component R? __template_resistor
Added Member To Class: ClassName=MagController Member=Component R? __template_resistor
Added Member To Class: ClassName=MagController Member=Component R? __template_resistor
Added Member To Class: ClassName=Power Supply Member=Component R? __template_resistor
Added Member To Class: ClassName=Power Supply Member=Component R? __template_resistor
Added Member To Class: ClassName=Power Supply Member=Component R? __template_resistor
Added Member To Class: ClassName=Power Supply Member=Component R? __template_resistor
Added Member To Class: ClassName=Time of Flight Member=Component R? __template_resistor
Added Member To Class: ClassName=MagController Member=Component TP? TEST_POINT_RED_KEYSTONE_5000
Added Member To Class: ClassName=MagController Member=Component TP? TEST_POINT_BLACK_KEYSTONE_5001
